TOKEN: [procedimento] => {sProcedimento} 
TOKEN: [analisa1] => {sIdentificador} 
TOKEN: [;] => {sPonto_vitgula} 
TOKEN: [var] => {sVar} 
TOKEN: [a] => {sIdentificador} 
TOKEN: [,] => {sVirgula} 
TOKEN: [x] => {sIdentificador} 
TOKEN: [:] => {sDoispontos} 
TOKEN: [inteiro] => {sInteiro} 
TOKEN: [;] => {sPonto_vitgula} 
TOKEN: [z] => {sIdentificador} 
TOKEN: [:] => {sDoispontos} 
TOKEN: [booleano] => {sBoolaeno} 
TOKEN: [;] => {sPonto_vitgula} 
TOKEN: [inicio] => {sInicio} 
TOKEN: [se] => {sSe} 
TOKEN: [x] => {sIdentificador} 
TOKEN: [>] => {sMaior} 
TOKEN: [1] => {sNumero} 
TOKEN: [entao] => {sEntao} 
TOKEN: [x] => {sIdentificador} 
TOKEN: [:=] => {sAtribuicao} 
TOKEN: [0] => {sNumero} 
TOKEN: [;] => {sPonto_vitgula} 
TOKEN: [leia] => {sLeia} 
TOKEN: [(] => {sAbre_parenteses} 
TOKEN: [z] => {sIdentificador} 
TOKEN: [)] => {sFecha_parenteses} 
TOKEN: [;] => {sPonto_vitgula} 
TOKEN: [enquanto] => {sEnquanto} 
TOKEN: [(] => {sAbre_parenteses} 
TOKEN: [a] => {sIdentificador} 
TOKEN: [<] => {sMenor} 
TOKEN: [>] => {sMaior} 
TOKEN: [89] => {sNumero} 
TOKEN: [)] => {sFecha_parenteses} 
TOKEN: [e] => {sE} 
TOKEN: [(] => {sAbre_parenteses} 
TOKEN: [a] => {sIdentificador} 
TOKEN: [<=] => {sMenorig} 
TOKEN: [1000] => {sNumero} 
TOKEN: [)] => {sFecha_parenteses} 
TOKEN: [faca] => {sFaca} 
TOKEN: [inicio] => {sInicio} 
TOKEN: [a] => {sIdentificador} 
TOKEN: [:=] => {sAtribuicao} 
TOKEN: [x] => {sIdentificador} 
TOKEN: [+] => {sMais} 
TOKEN: [z] => {sIdentificador} 
TOKEN: [fim] => {sFim} 
TOKEN: [;] => {sPonto_vitgula} 
TOKEN: [escreva] => {sEscreva} 
TOKEN: [(] => {sAbre_parenteses} 
TOKEN: [a] => {sIdentificador} 
TOKEN: [)] => {sFecha_parenteses} 
TOKEN: [fim] => {sFim} 
TOKEN: [;] => {sPonto_vitgula} 
